tom-stress v0.1.0
Node ID: b7c6bb4fa231670800a00153a7936951624c49736db75a8634e4b382ec56f464

Ladder mode → target: 3ccfbf9124abb4f9c42c12eb94857b18f8671f0511be22e3159d43b78be31295, 4 sizes, 2 reps each

  Step 1: 1024 bytes (2 reps)
[2m2026-02-13T06:59:14.113648Z[0m [33m WARN[0m [2miroh_quinn_proto::connection[0m[2m:[0m remote server configuration might cause nat traversal issues [3mmax_local_addresses[0m[2m=[0m12 [3mremote_cid_limit[0m[2m=[0m5
[2m2026-02-13T06:59:14.259169Z[0m [33m WARN[0m [2miroh_quinn_udp[0m[2m:[0m sendmsg error: Os { code: 65, kind: HostUnreachable, message: "No route to host" }, Transmit: { destination: [2a01:e0a:14f:5da0:248f:5dff:fea5:8ed1]:56006, src_ip: None, ecn: Some(Ect0), len: 1200, segment_size: None }
    rep 1: pong timeout (15s)
    rep 2: pong timeout (15s)
    → 0/2 OK, avg RTT: 0.0ms

  Step 2: 4096 bytes (2 reps)
    rep 1: pong timeout (15s)
    rep 2: pong timeout (15s)
    → 0/2 OK, avg RTT: 0.0ms
[2m2026-02-13T07:00:15.267384Z[0m [33m WARN[0m [2miroh_quinn_udp[0m[2m:[0m sendmsg error: Os { code: 65, kind: HostUnreachable, message: "No route to host" }, Transmit: { destination: [2a01:e0a:14f:5da0:248f:5dff:fea5:8ed1]:56006, src_ip: None, ecn: Some(Ect0), len: 1200, segment_size: None }

  Step 3: 16384 bytes (2 reps)
    rep 1: pong timeout (15s)
    rep 2: pong timeout (15s)
    → 0/2 OK, avg RTT: 0.0ms

  Step 4: 65536 bytes (2 reps)
    rep 1: pong timeout (15s)
[2m2026-02-13T07:01:15.895931Z[0m [33m WARN[0m [2miroh_quinn_udp[0m[2m:[0m sendmsg error: Os { code: 65, kind: HostUnreachable, message: "No route to host" }, Transmit: { destination: [2a01:e0a:14f:5da0:248f:5dff:fea5:8ed1]:56006, src_ip: None, ecn: Some(Ect0), len: 1200, segment_size: None }
    rep 2: pong timeout (15s)
    → 0/2 OK, avg RTT: 0.0ms
