tom-stress v0.1.0
Node ID: 4833f1a222ca9434e97ddb9885511aa55d7bfe30f6f352380989123684f8db3d

Ladder mode → target: d017554ddd5986edd28ed724ee7dd9872801c934cf58b36c5ea3ac6b1f30c539, 7 sizes, 3 reps each

  Step 1: 1024 bytes (3 reps)
[2m2026-02-12T20:14:39.509911Z[0m [33m WARN[0m [2miroh::socket::remote_map::remote_state[0m[2m:[0m Address Lookup failed: Service 'dns' error: no calls succeeded: [Failed to resolve TXT recordFailed to resolve TXT recordFailed to resolve TXT record]
    rep 1: send failed: connection to d017554ddd5986edd28ed724ee7dd9872801c934cf58b36c5ea3ac6b1f30c539 failed: No addressing information available
[2m2026-02-12T20:14:46.147515Z[0m [33m WARN[0m [2miroh_quinn_proto::connection[0m[2m:[0m failed closing path [3merr[0m[2m=[0mClosedPath
[2m2026-02-12T20:14:47.641380Z[0m [33m WARN[0m [2miroh::socket::transports::relay::actor[0m[2m:[0m Failed to handshake with relay server
    rep 2: send failed: connection to d017554ddd5986edd28ed724ee7dd9872801c934cf58b36c5ea3ac6b1f30c539 failed: timed out
[2m2026-02-12T20:15:16.155267Z[0m [33m WARN[0m [2miroh_quinn_proto::connection[0m[2m:[0m failed closing path [3merr[0m[2m=[0mClosedPath
[2m2026-02-12T20:15:24.171201Z[0m [33m WARN[0m [1mQADv4[0m[1m{[0m[3mrelay_url[0m[2m=[0mhttps://aps1-1.relay.n0.iroh-canary.iroh.link./[1m}[0m[2m:[0m [2miroh_quinn_udp[0m[2m:[0m sendmsg error: Os { code: 51, kind: NetworkUnreachable, message: "Network is unreachable" }, Transmit: { destination: 5.223.60.113:7842, src_ip: None, ecn: Some(Ect0), len: 1200, segment_size: None }
[2m2026-02-12T20:15:24.303929Z[0m [33m WARN[0m [1mreportgen-actor[0m[2m:[0m[1mrun-probe[0m[1m{[0m[3mproto[0m[2m=[0mHttps [3mdelay[0m[2m=[0m200ms [3mrelay[0m[2m=[0mRelayConfig { url: RelayUrl("https://aps1-1.relay.n0.iroh-canary.iroh.link./"), quic: Some(RelayQuicConfig { port: 7842 }) }[1m}[0m[2m:[0m [2miroh::net_report::reportgen[0m[2m:[0m probe failed: Failed to run HTTPS probe: no calls succeeded: [Resolve failed ipv4: proto error: io error: No route to host (os error 65), ipv6 proto error: io error: No route to host (os error 65)Resolve failed ipv4: proto error: io error: Network is unreachable (os error 51), ipv6 proto error: io error: Network is unreachable (os error 51)Resolve failed ipv4: proto error: io error: Network is unreachable (os error 51), ipv6 proto error: io error: Network is unreachable (os error 51)]
[2m2026-02-12T20:15:24.310115Z[0m [33m WARN[0m [1mreportgen-actor[0m[2m:[0m[1mrun-probe[0m[1m{[0m[3mproto[0m[2m=[0mHttps [3mdelay[0m[2m=[0m200ms [3mrelay[0m[2m=[0mRelayConfig { url: RelayUrl("https://use1-1.relay.n0.iroh-canary.iroh.link./"), quic: Some(RelayQuicConfig { port: 7842 }) }[1m}[0m[2m:[0m [2miroh::net_report::reportgen[0m[2m:[0m probe failed: Failed to run HTTPS probe: no calls succeeded: [Resolve failed ipv4: proto error: io error: No route to host (os error 65), ipv6 proto error: io error: No route to host (os error 65)Resolve failed ipv4: proto error: io error: Network is unreachable (os error 51), ipv6 proto error: io error: Network is unreachable (os error 51)Resolve failed ipv4: proto error: io error: Network is unreachable (os error 51), ipv6 proto error: io error: Network is unreachable (os error 51)]
[2m2026-02-12T20:15:24.313763Z[0m [33m WARN[0m [1mreportgen-actor[0m[2m:[0m[1mrun-probe[0m[1m{[0m[3mproto[0m[2m=[0mHttps [3mdelay[0m[2m=[0m200ms [3mrelay[0m[2m=[0mRelayConfig { url: RelayUrl("https://usw1-1.relay.n0.iroh-canary.iroh.link./"), quic: Some(RelayQuicConfig { port: 7842 }) }[1m}[0m[2m:[0m [2miroh::net_report::reportgen[0m[2m:[0m probe failed: Failed to run HTTPS probe: no calls succeeded: [Resolve failed ipv4: proto error: io error: No route to host (os error 65), ipv6 proto error: io error: No route to host (os error 65)Resolve failed ipv4: proto error: io error: Network is unreachable (os error 51), ipv6 proto error: io error: Network is unreachable (os error 51)Resolve failed ipv4: proto error: io error: Network is unreachable (os error 51), ipv6 proto error: io error: Network is unreachable (os error 51)]
[2m2026-02-12T20:15:24.360116Z[0m [33m WARN[0m [1mreportgen-actor[0m[2m:[0m[1mcaptive-portal[0m[2m:[0m [2miroh::net_report::reportgen[0m[2m:[0m check_captive_portal error: no calls succeeded: [Resolve failed ipv4: proto error: io error: No route to host (os error 65), ipv6 proto error: io error: No route to host (os error 65)Resolve failed ipv4: proto error: io error: Network is unreachable (os error 51), ipv6 proto error: io error: Network is unreachable (os error 51)Resolve failed ipv4: proto error: io error: Network is unreachable (os error 51), ipv6 proto error: io error: Network is unreachable (os error 51)]
[2m2026-02-12T20:15:24.388889Z[0m [33m WARN[0m [1mreportgen-actor[0m[2m:[0m[1mrun-probe[0m[1m{[0m[3mproto[0m[2m=[0mHttps [3mdelay[0m[2m=[0m300ms [3mrelay[0m[2m=[0mRelayConfig { url: RelayUrl("https://usw1-1.relay.n0.iroh-canary.iroh.link./"), quic: Some(RelayQuicConfig { port: 7842 }) }[1m}[0m[2m:[0m [2miroh::net_report::reportgen[0m[2m:[0m probe failed: Failed to run HTTPS probe: no calls succeeded: [Resolve failed ipv4: proto error: io error: Network is unreachable (os error 51), ipv6 proto error: io error: Network is unreachable (os error 51)Resolve failed ipv4: proto error: io error: Network is unreachable (os error 51), ipv6 proto error: io error: Network is unreachable (os error 51)Resolve failed ipv4: proto error: io error: Network is unreachable (os error 51), ipv6 proto error: io error: Network is unreachable (os error 51)]
[2m2026-02-12T20:15:24.388972Z[0m [33m WARN[0m [1mreportgen-actor[0m[2m:[0m[1mrun-probe[0m[1m{[0m[3mproto[0m[2m=[0mHttps [3mdelay[0m[2m=[0m200ms [3mrelay[0m[2m=[0mRelayConfig { url: RelayUrl("https://euc1-1.relay.n0.iroh-canary.iroh.link./"), quic: Some(RelayQuicConfig { port: 7842 }) }[1m}[0m[2m:[0m [2miroh::net_report::reportgen[0m[2m:[0m probe failed: Failed to run HTTPS probe: no calls succeeded: [Resolve failed ipv4: proto error: io error: No route to host (os error 65), ipv6 proto error: io error: No route to host (os error 65)Resolve failed ipv4: proto error: io error: Network is unreachable (os error 51), ipv6 proto error: io error: Network is unreachable (os error 51)Resolve failed ipv4: proto error: io error: Network is unreachable (os error 51), ipv6 proto error: io error: Network is unreachable (os error 51)]
[2m2026-02-12T20:15:24.412668Z[0m [33m WARN[0m [1mreportgen-actor[0m[2m:[0m[1mrun-probe[0m[1m{[0m[3mproto[0m[2m=[0mHttps [3mdelay[0m[2m=[0m300ms [3mrelay[0m[2m=[0mRelayConfig { url: RelayUrl("https://use1-1.relay.n0.iroh-canary.iroh.link./"), quic: Some(RelayQuicConfig { port: 7842 }) }[1m}[0m[2m:[0m [2miroh::net_report::reportgen[0m[2m:[0m probe failed: Failed to run HTTPS probe: no calls succeeded: [Resolve failed ipv4: proto error: io error: Network is unreachable (os error 51), ipv6 proto error: io error: Network is unreachable (os error 51)Resolve failed ipv4: proto error: io error: Network is unreachable (os error 51), ipv6 proto error: io error: Network is unreachable (os error 51)Resolve failed ipv4: proto error: io error: Network is unreachable (os error 51), ipv6 proto error: io error: Network is unreachable (os error 51)]
[2m2026-02-12T20:15:24.437828Z[0m [33m WARN[0m [1mreportgen-actor[0m[2m:[0m[1mrun-probe[0m[1m{[0m[3mproto[0m[2m=[0mHttps [3mdelay[0m[2m=[0m300ms [3mrelay[0m[2m=[0mRelayConfig { url: RelayUrl("https://euc1-1.relay.n0.iroh-canary.iroh.link./"), quic: Some(RelayQuicConfig { port: 7842 }) }[1m}[0m[2m:[0m [2miroh::net_report::reportgen[0m[2m:[0m probe failed: Failed to run HTTPS probe: no calls succeeded: [Resolve failed ipv4: proto error: io error: Network is unreachable (os error 51), ipv6 proto error: io error: Network is unreachable (os error 51)Resolve failed ipv4: proto error: io error: Network is unreachable (os error 51), ipv6 proto error: io error: Network is unreachable (os error 51)Resolve failed ipv4: proto error: io error: Network is unreachable (os error 51), ipv6 proto error: io error: Network is unreachable (os error 51)]
[2m2026-02-12T20:15:24.449904Z[0m [33m WARN[0m [1mreportgen-actor[0m[2m:[0m[1mrun-probe[0m[1m{[0m[3mproto[0m[2m=[0mHttps [3mdelay[0m[2m=[0m300ms [3mrelay[0m[2m=[0mRelayConfig { url: RelayUrl("https://aps1-1.relay.n0.iroh-canary.iroh.link./"), quic: Some(RelayQuicConfig { port: 7842 }) }[1m}[0m[2m:[0m [2miroh::net_report::reportgen[0m[2m:[0m probe failed: Failed to run HTTPS probe: no calls succeeded: [Resolve failed ipv4: proto error: io error: Network is unreachable (os error 51), ipv6 proto error: io error: Network is unreachable (os error 51)Resolve failed ipv4: proto error: io error: Network is unreachable (os error 51), ipv6 proto error: io error: Network is unreachable (os error 51)Resolve failed ipv4: proto error: io error: Network is unreachable (os error 51), ipv6 proto error: io error: Network is unreachable (os error 51)]
[2m2026-02-12T20:15:24.489940Z[0m [33m WARN[0m [1mreportgen-actor[0m[2m:[0m[1mrun-probe[0m[1m{[0m[3mproto[0m[2m=[0mHttps [3mdelay[0m[2m=[0m400ms [3mrelay[0m[2m=[0mRelayConfig { url: RelayUrl("https://aps1-1.relay.n0.iroh-canary.iroh.link./"), quic: Some(RelayQuicConfig { port: 7842 }) }[1m}[0m[2m:[0m [2miroh::net_report::reportgen[0m[2m:[0m probe failed: Failed to run HTTPS probe: no calls succeeded: [Resolve failed ipv4: proto error: io error: Network is unreachable (os error 51), ipv6 proto error: io error: Network is unreachable (os error 51)Resolve failed ipv4: proto error: io error: Network is unreachable (os error 51), ipv6 proto error: io error: Network is unreachable (os error 51)Resolve failed ipv4: proto error: io error: Network is unreachable (os error 51), ipv6 proto error: io error: Network is unreachable (os error 51)]
[2m2026-02-12T20:15:24.509359Z[0m [33m WARN[0m [1mreportgen-actor[0m[2m:[0m[1mrun-probe[0m[1m{[0m[3mproto[0m[2m=[0mHttps [3mdelay[0m[2m=[0m400ms [3mrelay[0m[2m=[0mRelayConfig { url: RelayUrl("https://use1-1.relay.n0.iroh-canary.iroh.link./"), quic: Some(RelayQuicConfig { port: 7842 }) }[1m}[0m[2m:[0m [2miroh::net_report::reportgen[0m[2m:[0m probe failed: Failed to run HTTPS probe: no calls succeeded: [Resolve failed ipv4: proto error: io error: Network is unreachable (os error 51), ipv6 proto error: io error: Network is unreachable (os error 51)Resolve failed ipv4: proto error: io error: Network is unreachable (os error 51), ipv6 proto error: io error: Network is unreachable (os error 51)Resolve failed ipv4: proto error: io error: Network is unreachable (os error 51), ipv6 proto error: io error: Network is unreachable (os error 51)]
[2m2026-02-12T20:15:24.570712Z[0m [33m WARN[0m [2miroh::socket::transports::relay::actor[0m[2m:[0m Lost connection to relay server
[2m2026-02-12T20:15:24.570712Z[0m [33m WARN[0m [2miroh::socket::transports::relay::actor[0m[2m:[0m Lost connection to relay server
[2m2026-02-12T20:15:25.573580Z[0m [33m WARN[0m [2miroh::socket::transports::relay::actor[0m[2m:[0m Failed to connect to relay server
[2m2026-02-12T20:15:25.573580Z[0m [33m WARN[0m [2miroh::socket::transports::relay::actor[0m[2m:[0m Failed to connect to relay server
    rep 3: send failed: connection to d017554ddd5986edd28ed724ee7dd9872801c934cf58b36c5ea3ac6b1f30c539 failed: timed out
    → 0/3 OK, avg RTT: 0.0ms

  Step 2: 4096 bytes (3 reps)
[2m2026-02-12T20:15:46.771910Z[0m [33m WARN[0m [2miroh_quinn_proto::connection[0m[2m:[0m failed closing path [3merr[0m[2m=[0mClosedPath
    rep 1: send failed: connection to d017554ddd5986edd28ed724ee7dd9872801c934cf58b36c5ea3ac6b1f30c539 failed: timed out
[2m2026-02-12T20:16:12.833974Z[0m [33m WARN[0m [1mpkarr_publish[0m[1m{[0m[3mme[0m[2m=[0m4833f1a222[1m}[0m[2m:[0m [2miroh::address_lookup::pkarr[0m[2m:[0m Failed to publish to pkarr [3merr[0m[2m=[0mError sending http request: error sending request for url (https://dns.iroh.link/pkarr/jy39detn3kkdj4m75qcekwe4wiqzz9to653irqyjtrjdpb8a5c6o): client error (SendRequest): connection error: Can't assign requested address (os error 49) [3murl[0m[2m=[0mhttps://dns.iroh.link/pkarr [3mretry_after[0m[2m=[0m1s [3mfailed_attempts[0m[2m=[0m1
[2m2026-02-12T20:16:16.780542Z[0m [33m WARN[0m [2miroh_quinn_proto::connection[0m[2m:[0m failed closing path [3merr[0m[2m=[0mClosedPath
    rep 2: send failed: connection to d017554ddd5986edd28ed724ee7dd9872801c934cf58b36c5ea3ac6b1f30c539 failed: timed out
[2m2026-02-12T20:16:46.787841Z[0m [33m WARN[0m [2miroh_quinn_proto::connection[0m[2m:[0m failed closing path [3merr[0m[2m=[0mClosedPath
    rep 3: send failed: connection to d017554ddd5986edd28ed724ee7dd9872801c934cf58b36c5ea3ac6b1f30c539 failed: timed out
    → 0/3 OK, avg RTT: 0.0ms

  Step 3: 16384 bytes (3 reps)
[2m2026-02-12T20:17:17.301328Z[0m [33m WARN[0m [2miroh_quinn_proto::connection[0m[2m:[0m failed closing path [3merr[0m[2m=[0mClosedPath
    rep 1: send failed: connection to d017554ddd5986edd28ed724ee7dd9872801c934cf58b36c5ea3ac6b1f30c539 failed: timed out
[2m2026-02-12T20:17:47.313857Z[0m [33m WARN[0m [2miroh_quinn_proto::connection[0m[2m:[0m failed closing path [3merr[0m[2m=[0mClosedPath
    rep 2: send failed: connection to d017554ddd5986edd28ed724ee7dd9872801c934cf58b36c5ea3ac6b1f30c539 failed: timed out
[2m2026-02-12T20:18:17.323700Z[0m [33m WARN[0m [2miroh_quinn_proto::connection[0m[2m:[0m failed closing path [3merr[0m[2m=[0mClosedPath
    rep 3: send failed: connection to d017554ddd5986edd28ed724ee7dd9872801c934cf58b36c5ea3ac6b1f30c539 failed: timed out
    → 0/3 OK, avg RTT: 0.0ms

  Step 4: 65536 bytes (3 reps)
[2m2026-02-12T20:18:47.891898Z[0m [33m WARN[0m [2miroh_quinn_proto::connection[0m[2m:[0m failed closing path [3merr[0m[2m=[0mClosedPath
    rep 1: send failed: connection to d017554ddd5986edd28ed724ee7dd9872801c934cf58b36c5ea3ac6b1f30c539 failed: timed out
[2m2026-02-12T20:19:17.903910Z[0m [33m WARN[0m [2miroh_quinn_proto::connection[0m[2m:[0m failed closing path [3merr[0m[2m=[0mClosedPath
    rep 2: send failed: connection to d017554ddd5986edd28ed724ee7dd9872801c934cf58b36c5ea3ac6b1f30c539 failed: timed out
[2m2026-02-12T20:19:47.920720Z[0m [33m WARN[0m [2miroh_quinn_proto::connection[0m[2m:[0m failed closing path [3merr[0m[2m=[0mClosedPath
    rep 3: send failed: connection to d017554ddd5986edd28ed724ee7dd9872801c934cf58b36c5ea3ac6b1f30c539 failed: timed out
    → 0/3 OK, avg RTT: 0.0ms

  Step 5: 131072 bytes (3 reps)
[2m2026-02-12T20:20:18.451236Z[0m [33m WARN[0m [2miroh_quinn_proto::connection[0m[2m:[0m failed closing path [3merr[0m[2m=[0mClosedPath
